<?xml version="1.0" encoding="UTF-8"?>
<!-- Generated by org.testng.reporters.JUnitReportReporter -->
<testsuite skipped="0" hostname="NAG1-LDL-41303" name="com.crossover.app.utils.ReportGenrator" tests="1" failures="0" timestamp="04 Aug 2018 11:32:21 GMT" time="1.616" errors="0">
  <testcase name="writeDataInExcel" time="1.616" classname="com.crossover.app.utils.ReportGenrator"/>
</testsuite> <!-- com.crossover.app.utils.ReportGenrator -->
