<?xml version="1.0" encoding="UTF-8"?>
<!-- Generated by org.testng.reporters.JUnitReportReporter -->
<testsuite skipped="0" hostname="NAG1-LDL-41303" name="com.crossover.app.utils.EmailApi" tests="1" failures="0" timestamp="25 Jul 2018 12:15:43 GMT" time="6.477" errors="0">
  <testcase name="SendEmail" time="6.477" classname="com.crossover.app.utils.EmailApi"/>
</testsuite> <!-- com.crossover.app.utils.EmailApi -->
