<?xml version="1.0" encoding="UTF-8"?>
<!-- Generated by org.testng.reporters.JUnitReportReporter -->
<testsuite skipped="0" hostname="NAG1-LDL-41303" name="com.crossover.app.TestCases" tests="2" failures="0" timestamp="05 Aug 2018 07:04:03 GMT" time="354.788" errors="0">
  <testcase name="browserLaunch" time="46.014" classname="com.crossover.app.TestCases"/>
  <testcase name="loginTest" time="308.774" classname="com.crossover.app.TestCases"/>
</testsuite> <!-- com.crossover.app.TestCases -->
